<?xml version="1.0" encoding="UTF-8"?>
<!-- Generated by org.testng.reporters.JUnitReportReporter -->
<testsuite skipped="0" hostname="DESKTOP-NCJM12M" name="employeesDD.ResultsetMetaData_JDBCDemo6_Employees" tests="2" failures="0" timestamp="11 Mar 2022 22:04:53 GMT" time="0.688" errors="0">
  <testcase name="getColumn_Type_Name" time="0.022" classname="employeesDD.ResultsetMetaData_JDBCDemo6_Employees"/>
  <testcase name="getColumn_Name" time="0.666" classname="employeesDD.ResultsetMetaData_JDBCDemo6_Employees"/>
</testsuite> <!-- employeesDD.ResultsetMetaData_JDBCDemo6_Employees -->
